2022-10-07 13:34:17,755 DEBUG    root            Loaded Command Group: ['gcloud', 'components']
2022-10-07 13:34:17,757 DEBUG    root            Loaded Command Group: ['gcloud', 'components', 'update']
2022-10-07 13:34:17,760 DEBUG    root            Running [gcloud.components.update] with arguments: [--quiet: "True", COMPONENT-IDS:8: "['gcloud', 'core', 'bq', 'gsutil', 'compute', 'preview', 'alpha', 'beta']"]
2022-10-07 13:34:17,767 INFO     ___FILE_ONLY___ Beginning update. This process may take several minutes.

2022-10-07 13:34:17,773 DEBUG    urllib3.connectionpool Starting new HTTPS connection (1): dl.google.com:443
2022-10-07 13:34:17,795 DEBUG    urllib3.connectionpool https://dl.google.com:443 "GET /dl/cloudsdk/channels/rapid/components-2.json HTTP/1.1" 200 203444
2022-10-07 13:34:17,814 WARNING  root            Component [compute] no longer exists.
2022-10-07 13:34:17,814 WARNING  root            Component [preview] no longer exists.
2022-10-07 13:34:17,815 INFO     ___FILE_ONLY___ 

2022-10-07 13:34:17,816 INFO     ___FILE_ONLY___ 
Your current Google Cloud CLI version is: 405.0.0

2022-10-07 13:34:17,816 INFO     ___FILE_ONLY___ Installing components from version: 405.0.0

2022-10-07 13:34:17,816 INFO     ___FILE_ONLY___ 

2022-10-07 13:34:17,819 INFO     ___FILE_ONLY___ ┌──────────────────────────────────────────────┐
2022-10-07 13:34:17,819 INFO     ___FILE_ONLY___ 

2022-10-07 13:34:17,820 INFO     ___FILE_ONLY___ │     These components will be installed.      │
2022-10-07 13:34:17,820 INFO     ___FILE_ONLY___ 

2022-10-07 13:34:17,820 INFO     ___FILE_ONLY___ ├───────────────────────┬────────────┬─────────┤
2022-10-07 13:34:17,820 INFO     ___FILE_ONLY___ 

2022-10-07 13:34:17,820 INFO     ___FILE_ONLY___ │          Name         │  Version   │   Size  │
2022-10-07 13:34:17,820 INFO     ___FILE_ONLY___ 

2022-10-07 13:34:17,820 INFO     ___FILE_ONLY___ ├───────────────────────┼────────────┼─────────┤
2022-10-07 13:34:17,820 INFO     ___FILE_ONLY___ 

2022-10-07 13:34:17,820 INFO     ___FILE_ONLY___ │ 
2022-10-07 13:34:17,821 INFO     ___FILE_ONLY___ gcloud Alpha Commands
2022-10-07 13:34:17,821 INFO     ___FILE_ONLY___  
2022-10-07 13:34:17,821 INFO     ___FILE_ONLY___ │ 
2022-10-07 13:34:17,821 INFO     ___FILE_ONLY___ 2022.09.30
2022-10-07 13:34:17,821 INFO     ___FILE_ONLY___  
2022-10-07 13:34:17,821 INFO     ___FILE_ONLY___ │ 
2022-10-07 13:34:17,821 INFO     ___FILE_ONLY___ < 1 MiB
2022-10-07 13:34:17,821 INFO     ___FILE_ONLY___  
2022-10-07 13:34:17,821 INFO     ___FILE_ONLY___ │
2022-10-07 13:34:17,822 INFO     ___FILE_ONLY___ 

2022-10-07 13:34:17,822 INFO     ___FILE_ONLY___ │ 
2022-10-07 13:34:17,822 INFO     ___FILE_ONLY___ gcloud Beta Commands 
2022-10-07 13:34:17,822 INFO     ___FILE_ONLY___  
2022-10-07 13:34:17,822 INFO     ___FILE_ONLY___ │ 
2022-10-07 13:34:17,822 INFO     ___FILE_ONLY___ 2022.09.30
2022-10-07 13:34:17,822 INFO     ___FILE_ONLY___  
2022-10-07 13:34:17,822 INFO     ___FILE_ONLY___ │ 
2022-10-07 13:34:17,822 INFO     ___FILE_ONLY___ < 1 MiB
2022-10-07 13:34:17,823 INFO     ___FILE_ONLY___  
2022-10-07 13:34:17,823 INFO     ___FILE_ONLY___ │
2022-10-07 13:34:17,823 INFO     ___FILE_ONLY___ 

2022-10-07 13:34:17,823 INFO     ___FILE_ONLY___ └───────────────────────┴────────────┴─────────┘
2022-10-07 13:34:17,823 INFO     ___FILE_ONLY___ 

2022-10-07 13:34:17,823 INFO     ___FILE_ONLY___ 

2022-10-07 13:34:17,826 DEBUG    urllib3.connectionpool Starting new HTTPS connection (1): dl.google.com:443
2022-10-07 13:34:17,842 DEBUG    urllib3.connectionpool https://dl.google.com:443 "GET /dl/cloudsdk/channels/rapid/RELEASE_NOTES HTTP/1.1" 200 876953
2022-10-07 13:34:17,867 INFO     ___FILE_ONLY___ For the latest full release notes, please visit:
  https://cloud.google.com/sdk/release_notes


2022-10-07 13:34:17,873 INFO     ___FILE_ONLY___ ╔════════════════════════════════════════════════════════════╗

2022-10-07 13:34:17,873 INFO     ___FILE_ONLY___ ╠═ Creating update staging area                             ═╣

2022-10-07 13:34:17,873 INFO     ___FILE_ONLY___ ╚
2022-10-07 13:34:17,873 INFO     ___FILE_ONLY___ ══════
2022-10-07 13:34:18,492 INFO     ___FILE_ONLY___ ══════
2022-10-07 13:34:18,493 INFO     ___FILE_ONLY___ ══════
2022-10-07 13:34:18,862 INFO     ___FILE_ONLY___ ═
2022-10-07 13:34:18,954 INFO     ___FILE_ONLY___ ═
2022-10-07 13:34:19,051 INFO     ___FILE_ONLY___ ═
2022-10-07 13:34:19,091 INFO     ___FILE_ONLY___ ═
2022-10-07 13:34:19,132 INFO     ___FILE_ONLY___ ═
2022-10-07 13:34:19,192 INFO     ___FILE_ONLY___ ═
2022-10-07 13:34:19,232 INFO     ___FILE_ONLY___ ═
2022-10-07 13:34:19,308 INFO     ___FILE_ONLY___ ═
2022-10-07 13:34:19,581 INFO     ___FILE_ONLY___ ═
2022-10-07 13:34:19,686 INFO     ___FILE_ONLY___ ═
2022-10-07 13:34:19,883 INFO     ___FILE_ONLY___ ═
2022-10-07 13:34:19,966 INFO     ___FILE_ONLY___ ═
2022-10-07 13:34:20,043 INFO     ___FILE_ONLY___ ═
2022-10-07 13:34:20,118 INFO     ___FILE_ONLY___ ═
2022-10-07 13:34:20,256 INFO     ___FILE_ONLY___ ═
2022-10-07 13:34:20,334 INFO     ___FILE_ONLY___ ═
2022-10-07 13:34:20,406 INFO     ___FILE_ONLY___ ═
2022-10-07 13:34:20,466 INFO     ___FILE_ONLY___ ═
2022-10-07 13:34:20,549 INFO     ___FILE_ONLY___ ═
2022-10-07 13:34:20,623 INFO     ___FILE_ONLY___ ═
2022-10-07 13:34:20,695 INFO     ___FILE_ONLY___ ═
2022-10-07 13:34:20,760 INFO     ___FILE_ONLY___ ═
2022-10-07 13:34:20,836 INFO     ___FILE_ONLY___ ═
2022-10-07 13:34:20,987 INFO     ___FILE_ONLY___ ═
2022-10-07 13:34:21,070 INFO     ___FILE_ONLY___ ═
2022-10-07 13:34:21,155 INFO     ___FILE_ONLY___ ═
2022-10-07 13:34:21,250 INFO     ___FILE_ONLY___ ═
2022-10-07 13:34:21,354 INFO     ___FILE_ONLY___ ═
2022-10-07 13:34:21,425 INFO     ___FILE_ONLY___ ═
2022-10-07 13:34:21,519 INFO     ___FILE_ONLY___ ═
2022-10-07 13:34:21,592 INFO     ___FILE_ONLY___ ═
2022-10-07 13:34:21,664 INFO     ___FILE_ONLY___ ═
2022-10-07 13:34:21,744 INFO     ___FILE_ONLY___ ═
2022-10-07 13:34:21,802 INFO     ___FILE_ONLY___ ═
2022-10-07 13:34:21,869 INFO     ___FILE_ONLY___ ═
2022-10-07 13:34:21,936 INFO     ___FILE_ONLY___ ═
2022-10-07 13:34:22,007 INFO     ___FILE_ONLY___ ═
2022-10-07 13:34:22,075 INFO     ___FILE_ONLY___ ═
2022-10-07 13:34:22,221 INFO     ___FILE_ONLY___ ═
2022-10-07 13:34:22,307 INFO     ___FILE_ONLY___ ═
2022-10-07 13:34:22,426 INFO     ___FILE_ONLY___ ═
2022-10-07 13:34:22,523 INFO     ___FILE_ONLY___ ═
2022-10-07 13:34:22,523 INFO     ___FILE_ONLY___ ╝

2022-10-07 13:34:25,961 INFO     ___FILE_ONLY___ ╔════════════════════════════════════════════════════════════╗

2022-10-07 13:34:25,962 INFO     ___FILE_ONLY___ ╠═ Installing: gcloud Alpha Commands                        ═╣

2022-10-07 13:34:25,962 INFO     ___FILE_ONLY___ ╚
2022-10-07 13:34:25,966 DEBUG    urllib3.connectionpool Starting new HTTPS connection (1): dl.google.com:443
2022-10-07 13:34:25,985 DEBUG    urllib3.connectionpool https://dl.google.com:443 "GET /dl/cloudsdk/channels/rapid/components/google-cloud-sdk-alpha-20220930201803.tar.gz HTTP/1.1" 200 800
2022-10-07 13:34:25,986 INFO     ___FILE_ONLY___ ══════════════════════════════
2022-10-07 13:34:25,988 INFO     ___FILE_ONLY___ ══════════════════════════════
2022-10-07 13:34:25,988 INFO     ___FILE_ONLY___ ╝

2022-10-07 13:34:25,999 INFO     ___FILE_ONLY___ ╔════════════════════════════════════════════════════════════╗

2022-10-07 13:34:26,000 INFO     ___FILE_ONLY___ ╠═ Installing: gcloud Beta Commands                         ═╣

2022-10-07 13:34:26,000 INFO     ___FILE_ONLY___ ╚
2022-10-07 13:34:26,004 DEBUG    urllib3.connectionpool Starting new HTTPS connection (1): dl.google.com:443
2022-10-07 13:34:26,035 DEBUG    urllib3.connectionpool https://dl.google.com:443 "GET /dl/cloudsdk/channels/rapid/components/google-cloud-sdk-beta-20220930201803.tar.gz HTTP/1.1" 200 797
2022-10-07 13:34:26,036 INFO     ___FILE_ONLY___ ══════════════════════════════
2022-10-07 13:34:26,037 INFO     ___FILE_ONLY___ ══════════════════════════════
2022-10-07 13:34:26,038 INFO     ___FILE_ONLY___ ╝

2022-10-07 13:34:26,049 INFO     ___FILE_ONLY___ ╔════════════════════════════════════════════════════════════╗

2022-10-07 13:34:26,049 INFO     ___FILE_ONLY___ ╠═ Creating backup and activating new installation          ═╣

2022-10-07 13:34:26,049 INFO     ___FILE_ONLY___ ╚
2022-10-07 13:34:26,050 DEBUG    root            Attempting to move directory [/tools/google-cloud-sdk] to [/tools/google-cloud-sdk.staging/.install/.backup]
2022-10-07 13:34:26,050 INFO     ___FILE_ONLY___ ══════════════════════════════
2022-10-07 13:34:26,050 DEBUG    root            Attempting to move directory [/tools/google-cloud-sdk.staging] to [/tools/google-cloud-sdk]
2022-10-07 13:34:26,050 INFO     ___FILE_ONLY___ ══════════════════════════════
2022-10-07 13:34:26,050 INFO     ___FILE_ONLY___ ╝

2022-10-07 13:34:26,055 DEBUG    root            Updating notification cache...
2022-10-07 13:34:26,056 INFO     ___FILE_ONLY___ 

2022-10-07 13:34:26,060 INFO     ___FILE_ONLY___ Performing post processing steps...
2022-10-07 13:34:26,061 DEBUG    root            Executing command: ['python3', '-S', '/tools/google-cloud-sdk/lib/gcloud.py', 'components', 'post-process']
2022-10-07 13:34:49,079 DEBUG    ___FILE_ONLY___ 
2022-10-07 13:34:49,079 DEBUG    ___FILE_ONLY___ 
2022-10-07 13:34:49,098 INFO     ___FILE_ONLY___ 
Update done!


2022-10-07 13:34:49,102 INFO     root            Display format: "none"
